<?xml version="1.0" encoding="UTF-8"?>
<!-- Generated by org.testng.reporters.JUnitXMLReporter -->
<testsuite ignored="0" hostname="Abhisheks-MBP.fritz.box" failures="0" tests="2" name="BankingApp Test" time="23.238" errors="0" timestamp="18 Mar 2020 09:15:09 GMT">
  <testcase classname="com.inetbanking.testCases.TC_LoginTest_001" name="loginTest" time="1.203"/>
  <testcase classname="com.inetbanking.testCases.TC_AddCustomerTest_003" name="addNewCustomer" time="14.316"/>
</testsuite> <!-- BankingApp Test -->
